<?xml version="1.0" encoding="UTF-8"?>
<testsuite xmlns:xsi="http://www.w3.org/2001/XMLSchema-instance" xsi:noNamespaceSchemaLocation="https://maven.apache.org/surefire/maven-surefire-plugin/xsd/surefire-test-report-3.0.xsd" version="3.0" name="modulos.componente.ComponenteTest" time="15.567" tests="16" errors="0" skipped="0" failures="0">
  <properties>
[...]
</properties>
  <testcase name="adicionarComponenteEmProdutoInexistenteRetorna404" classname="modulos.componente.ComponenteTest" time="0.432">
    <system-out><![CDATA[Request method:	POST
Request URI:	http://165.227.93.41/lojinha/v2/login
Proxy:			<none>
Request params:	<none>
Query params:	<none>
Form params:	<none>
Path params:	<none>
Headers:		Accept=*/*
				Content-Type=application/json
Cookies:		<none>
Multiparts:		<none>
Body:
{
    "usuarioLogin": "admin",
    "usuarioSenha": "admin",
    "usuarioNome": "Administrador"
}
HTTP/1.1 200 OK
Date: Tue, 24 Mar 2026 21:21:41 GMT
Server: Apache/2.4.29 (Ubuntu)
Content-Length: 240
Keep-Alive: timeout=5, max=100
Connection: Keep-Alive
Content-Type: application/json

{
    "data": {
        "token": "eyJ0eXAiOiJKV1QiLCJhbGciOiJIUzI1NiJ9.eyJ1c3VhcmlvaWQiOiIxMjY1IiwidXN1YXJpb2xvZ2luIjoiYWRtaW4iLCJ1c3Vhcmlvbm9tZSI6ImFkbWluIn0.1yk-F1vPuzTsXzx1HVOK8SfHRaGfNw9PQUFmA6uUaGY"
    },
    "message": "Sucesso ao realizar o login",
    "error": ""
}
Request method:	POST
Request URI:	http://165.227.93.41/lojinha/v2/produtos
Proxy:			<none>
Request params:	<none>
Query params:	<none>
Form params:	<none>
Path params:	<none>
Headers:		token=eyJ0eXAiOiJKV1QiLCJhbGciOiJIUzI1NiJ9.eyJ1c3VhcmlvaWQiOiIxMjY1IiwidXN1YXJpb2xvZ2luIjoiYWRtaW4iLCJ1c3Vhcmlvbm9tZSI6ImFkbWluIn0.1yk-F1vPuzTsXzx1HVOK8SfHRaGfNw9PQUFmA6uUaGY
				Accept=*/*
				Content-Type=application/json
Cookies:		<none>
Multiparts:		<none>
Body:
{
    "produtoNome": "Produto Teste Automacao",
    "produtoValor": 100.99,
    "produtoCores": [
        "Preto",
        "Branco"
    ],
    "produtoUrlMock": "",
    "componente": [
        {
            "componenteNome": "Controle",
            "componenteQuantidade": 2
        },
        {
            "componenteNome": "Cabo De Energia",
            "componenteQuantidade": 1
        }
    ]
}
HTTP/1.1 201 Created
Date: Tue, 24 Mar 2026 21:21:42 GMT
Server: Apache/2.4.29 (Ubuntu)
Content-Length: 217
Keep-Alive: timeout=5, max=100
Connection: Keep-Alive
Content-Type: application/json

{
    "data": {
        "produtoId": 1032801,
        "produtoNome": "Produto Teste Automacao",
        "produtoValor": 100.99,
        "produtoCores": [
            "Preto",
            "Branco"
        ],
        "produtoUrlMock": "",
        "componentes": [
            
        ]
    },
    "message": "Produto adicionado com sucesso",
    "error": ""
}
Request method:	POST
Request URI:	http://165.227.93.41/lojinha/v2/produtos/1032801/componentes
Proxy:			<none>
Request params:	<none>
Query params:	<none>
Form params:	<none>
Path params:	<none>
Headers:		token=eyJ0eXAiOiJKV1QiLCJhbGciOiJIUzI1NiJ9.eyJ1c3VhcmlvaWQiOiIxMjY1IiwidXN1YXJpb2xvZ2luIjoiYWRtaW4iLCJ1c3Vhcmlvbm9tZSI6ImFkbWluIn0.1yk-F1vPuzTsXzx1HVOK8SfHRaGfNw9PQUFmA6uUaGY
				Accept=*/*
				Content-Type=application/json
Cookies:		<none>
Multiparts:		<none>
Body:
{
    "componenteNome": "Componente Teste Automacao",
    "componenteQuantidade": 1
}
HTTP/1.1 201 Created
Date: Tue, 24 Mar 2026 21:21:43 GMT
Server: Apache/2.4.29 (Ubuntu)
Content-Length: 192
Keep-Alive: timeout=5, max=100
Connection: Keep-Alive
Content-Type: application/json

{
    "data": {
        "componenteId": 1056731,
        "componenteNome": "Componente Teste Automacao",
        "componenteQuantidade": 1,
        "produtoId": 1032801
    },
    "message": "Componente de produto adicionado com sucesso",
    "error": ""
}
Request method:	POST
Request URI:	http://165.227.93.41/lojinha/v2/produtos/999999/componentes
Proxy:			<none>
Request params:	<none>
Query params:	<none>
Form params:	<none>
Path params:	<none>
Headers:		token=eyJ0eXAiOiJKV1QiLCJhbGciOiJIUzI1NiJ9.eyJ1c3VhcmlvaWQiOiIxMjY1IiwidXN1YXJpb2xvZ2luIjoiYWRtaW4iLCJ1c3Vhcmlvbm9tZSI6ImFkbWluIn0.1yk-F1vPuzTsXzx1HVOK8SfHRaGfNw9PQUFmA6uUaGY
				Accept=*/*
				Content-Type=application/json
Cookies:		<none>
Multiparts:		<none>
Body:
{
    "componenteNome": "Componente Teste Automacao",
    "componenteQuantidade": 1
}
HTTP/1.1 404 Not Found
Date: Tue, 24 Mar 2026 21:21:43 GMT
Server: Apache/2.4.29 (Ubuntu)
Content-Length: 0
Keep-Alive: timeout=5, max=100
Connection: Keep-Alive
Content-Type: application/json
]]></system-out>
    <system-err><![CDATA[[main] ERROR io.qameta.allure.AllureLifecycle - Could not add attachment: no test is running
[main] ERROR io.qameta.allure.AllureLifecycle - Could not add attachment: no test is running
[main] ERROR io.qameta.allure.AllureLifecycle - Could not add attachment: no test is running
[main] ERROR io.qameta.allure.AllureLifecycle - Could not add attachment: no test is running
[main] ERROR io.qameta.allure.AllureLifecycle - Could not add attachment: no test is running
[main] ERROR io.qameta.allure.AllureLifecycle - Could not add attachment: no test is running
]]></system-err>
  </testcase>
  <testcase name="adicionarComponenteComQuantidadeZeroRetorna422" classname="modulos.componente.ComponenteTest" time="0.379">
    <system-out><![CDATA[Request method:	POST
Request URI:	http://165.227.93.41/lojinha/v2/produtos/1032801/componentes
Proxy:			<none>
Request params:	<none>
Query params:	<none>
Form params:	<none>
Path params:	<none>
Headers:		token=eyJ0eXAiOiJKV1QiLCJhbGciOiJIUzI1NiJ9.eyJ1c3VhcmlvaWQiOiIxMjY1IiwidXN1YXJpb2xvZ2luIjoiYWRtaW4iLCJ1c3Vhcmlvbm9tZSI6ImFkbWluIn0.1yk-F1vPuzTsXzx1HVOK8SfHRaGfNw9PQUFmA6uUaGY
				Accept=*/*
				Content-Type=application/json
Cookies:		<none>
Multiparts:		<none>
Body:
{
    "componenteNome": "Componente Teste Automacao",
    "componenteQuantidade": 0
}
HTTP/1.1 422 Unprocessable Entity
Date: Tue, 24 Mar 2026 21:21:44 GMT
Server: Apache/2.4.29 (Ubuntu)
Content-Length: 108
Keep-Alive: timeout=5, max=100
Connection: Keep-Alive
Content-Type: application/json

{
    "data": [
        
    ],
    "message": "",
    "error": "A quantidade mínima para o componente não deve ser inferior a 1"
}
]]></system-out>
  </testcase>
  <testcase name="adicionarComponenteSemTokenRetorna401" classname="modulos.componente.ComponenteTest" time="0.318">
    <system-out><![CDATA[Request method:	POST
Request URI:	http://165.227.93.41/lojinha/v2/produtos/1032801/componentes
Proxy:			<none>
Request params:	<none>
Query params:	<none>
Form params:	<none>
Path params:	<none>
Headers:		Accept=*/*
				Content-Type=application/json
Cookies:		<none>
Multiparts:		<none>
Body:
{
    "componenteNome": "Componente Teste Automacao",
    "componenteQuantidade": 1
}
HTTP/1.1 401 Unauthorized
Date: Tue, 24 Mar 2026 21:21:44 GMT
Server: Apache/2.4.29 (Ubuntu)
Content-Length: 0
Keep-Alive: timeout=5, max=100
Connection: Keep-Alive
Content-Type: application/json
]]></system-out>
  </testcase>
  <testcase name="adicionarComponenteValidoRetorna201" classname="modulos.componente.ComponenteTest" time="1.255">
    <system-out><![CDATA[Request method:	POST
Request URI:	http://165.227.93.41/lojinha/v2/produtos/1032801/componentes
Proxy:			<none>
Request params:	<none>
Query params:	<none>
Form params:	<none>
Path params:	<none>
Headers:		token=eyJ0eXAiOiJKV1QiLCJhbGciOiJIUzI1NiJ9.eyJ1c3VhcmlvaWQiOiIxMjY1IiwidXN1YXJpb2xvZ2luIjoiYWRtaW4iLCJ1c3Vhcmlvbm9tZSI6ImFkbWluIn0.1yk-F1vPuzTsXzx1HVOK8SfHRaGfNw9PQUFmA6uUaGY
				Accept=*/*
				Content-Type=application/json
Cookies:		<none>
Multiparts:		<none>
Body:
{
    "componenteNome": "Componente Teste Automacao",
    "componenteQuantidade": 1
}
HTTP/1.1 201 Created
Date: Tue, 24 Mar 2026 21:21:44 GMT
Server: Apache/2.4.29 (Ubuntu)
Content-Length: 192
Keep-Alive: timeout=5, max=100
Connection: Keep-Alive
Content-Type: application/json

{
    "data": {
        "componenteId": 1056732,
        "componenteNome": "Componente Teste Automacao",
        "componenteQuantidade": 1,
        "produtoId": 1032801
    },
    "message": "Componente de produto adicionado com sucesso",
    "error": ""
}
Request method:	DELETE
Request URI:	http://165.227.93.41/lojinha/v2/produtos/1032801/componentes/1056732
Proxy:			<none>
Request params:	<none>
Query params:	<none>
Form params:	<none>
Path params:	<none>
Headers:		token=eyJ0eXAiOiJKV1QiLCJhbGciOiJIUzI1NiJ9.eyJ1c3VhcmlvaWQiOiIxMjY1IiwidXN1YXJpb2xvZ2luIjoiYWRtaW4iLCJ1c3Vhcmlvbm9tZSI6ImFkbWluIn0.1yk-F1vPuzTsXzx1HVOK8SfHRaGfNw9PQUFmA6uUaGY
				Accept=*/*
				Content-Type=application/json
Cookies:		<none>
Multiparts:		<none>
Body:			<none>
HTTP/1.1 204 No Content
Date: Tue, 24 Mar 2026 21:21:45 GMT
Server: Apache/2.4.29 (Ubuntu)
Keep-Alive: timeout=5, max=100
Connection: Keep-Alive
]]></system-out>
  </testcase>
  <testcase name="atualizarComponenteRetorna200EPersiste" classname="modulos.componente.ComponenteTest" time="0.649">
    <system-out><![CDATA[Request method:	PUT
Request URI:	http://165.227.93.41/lojinha/v2/produtos/1032801/componentes/1056731
Proxy:			<none>
Request params:	<none>
Query params:	<none>
Form params:	<none>
Path params:	<none>
Headers:		token=eyJ0eXAiOiJKV1QiLCJhbGciOiJIUzI1NiJ9.eyJ1c3VhcmlvaWQiOiIxMjY1IiwidXN1YXJpb2xvZ2luIjoiYWRtaW4iLCJ1c3Vhcmlvbm9tZSI6ImFkbWluIn0.1yk-F1vPuzTsXzx1HVOK8SfHRaGfNw9PQUFmA6uUaGY
				Accept=*/*
				Content-Type=application/json
Cookies:		<none>
Multiparts:		<none>
Body:
{
    "componenteNome": "Componente Atualizado",
    "componenteQuantidade": 1
}
HTTP/1.1 200 OK
Date: Tue, 24 Mar 2026 21:21:45 GMT
Server: Apache/2.4.29 (Ubuntu)
Content-Length: 174
Keep-Alive: timeout=5, max=100
Connection: Keep-Alive
Content-Type: application/json

{
    "data": {
        "componenteId": 1056731,
        "componenteNome": "Componente Atualizado",
        "componenteQuantidade": 1,
        "produtoId": 1032801
    },
    "message": "Componente de produto alterado com sucesso"
}
Request method:	GET
Request URI:	http://165.227.93.41/lojinha/v2/produtos/1032801/componentes/1056731
Proxy:			<none>
Request params:	<none>
Query params:	<none>
Form params:	<none>
Path params:	<none>
Headers:		token=eyJ0eXAiOiJKV1QiLCJhbGciOiJIUzI1NiJ9.eyJ1c3VhcmlvaWQiOiIxMjY1IiwidXN1YXJpb2xvZ2luIjoiYWRtaW4iLCJ1c3Vhcmlvbm9tZSI6ImFkbWluIn0.1yk-F1vPuzTsXzx1HVOK8SfHRaGfNw9PQUFmA6uUaGY
				Accept=*/*
				Content-Type=application/json
Cookies:		<none>
Multiparts:		<none>
Body:			<none>
HTTP/1.1 200 OK
Date: Tue, 24 Mar 2026 21:21:46 GMT
Server: Apache/2.4.29 (Ubuntu)
Content-Length: 164
Keep-Alive: timeout=5, max=100
Connection: Keep-Alive
Content-Type: application/json

{
    "data": {
        "componenteId": 1056731,
        "componenteNome": "Componente Atualizado",
        "componenteQuantidade": 1
    },
    "message": "Detalhando dados do componente de produto",
    "error": ""
}
]]></system-out>
  </testcase>
  <testcase name="atualizarComponenteInexistenteRetorna404" classname="modulos.componente.ComponenteTest" time="0.334">
    <system-out><![CDATA[Request method:	PUT
Request URI:	http://165.227.93.41/lojinha/v2/produtos/1032801/componentes/99999999
Proxy:			<none>
Request params:	<none>
Query params:	<none>
Form params:	<none>
Path params:	<none>
Headers:		token=eyJ0eXAiOiJKV1QiLCJhbGciOiJIUzI1NiJ9.eyJ1c3VhcmlvaWQiOiIxMjY1IiwidXN1YXJpb2xvZ2luIjoiYWRtaW4iLCJ1c3Vhcmlvbm9tZSI6ImFkbWluIn0.1yk-F1vPuzTsXzx1HVOK8SfHRaGfNw9PQUFmA6uUaGY
				Accept=*/*
				Content-Type=application/json
Cookies:		<none>
Multiparts:		<none>
Body:
{
    "componenteNome": "Componente Teste Automacao",
    "componenteQuantidade": 1
}
HTTP/1.1 404 Not Found
Date: Tue, 24 Mar 2026 21:21:46 GMT
Server: Apache/2.4.29 (Ubuntu)
Content-Length: 0
Keep-Alive: timeout=5, max=100
Connection: Keep-Alive
Content-Type: application/json
]]></system-out>
  </testcase>
  <testcase name="atualizarComponenteSemTokenRetorna401" classname="modulos.componente.ComponenteTest" time="0.334">
    <system-out><![CDATA[Request method:	PUT
Request URI:	http://165.227.93.41/lojinha/v2/produtos/1032801/componentes/1056731
Proxy:			<none>
Request params:	<none>
Query params:	<none>
Form params:	<none>
Path params:	<none>
Headers:		Accept=*/*
				Content-Type=application/json
Cookies:		<none>
Multiparts:		<none>
Body:
{
    "componenteNome": "Componente Teste Automacao",
    "componenteQuantidade": 1
}
HTTP/1.1 401 Unauthorized
Date: Tue, 24 Mar 2026 21:21:46 GMT
Server: Apache/2.4.29 (Ubuntu)
Content-Length: 0
Keep-Alive: timeout=5, max=100
Connection: Keep-Alive
Content-Type: application/json
]]></system-out>
  </testcase>
  <testcase name="listarComponentesRetorna200" classname="modulos.componente.ComponenteTest" time="0.351">
    <system-out><![CDATA[Request method:	GET
Request URI:	http://165.227.93.41/lojinha/v2/produtos/1032801/componentes
Proxy:			<none>
Request params:	<none>
Query params:	<none>
Form params:	<none>
Path params:	<none>
Headers:		token=eyJ0eXAiOiJKV1QiLCJhbGciOiJIUzI1NiJ9.eyJ1c3VhcmlvaWQiOiIxMjY1IiwidXN1YXJpb2xvZ2luIjoiYWRtaW4iLCJ1c3Vhcmlvbm9tZSI6ImFkbWluIn0.1yk-F1vPuzTsXzx1HVOK8SfHRaGfNw9PQUFmA6uUaGY
				Accept=*/*
				Content-Type=application/json
Cookies:		<none>
Multiparts:		<none>
Body:			<none>
HTTP/1.1 200 OK
Date: Tue, 24 Mar 2026 21:21:47 GMT
Server: Apache/2.4.29 (Ubuntu)
Content-Length: 181
Keep-Alive: timeout=5, max=100
Connection: Keep-Alive
Content-Type: application/json;charset=utf-8

{
    "data": [
        {
            "componenteId": 1056731,
            "componenteNome": "Componente Atualizado",
            "componenteQuantidade": 1
        }
    ],
    "message": "Listagem de componentes de produto realizada com sucesso",
    "error": ""
}
]]></system-out>
  </testcase>
  <testcase name="listarComponentesSemTokenRetorna401" classname="modulos.componente.ComponenteTest" time="0.303">
    <system-out><![CDATA[Request method:	GET
Request URI:	http://165.227.93.41/lojinha/v2/produtos/1032801/componentes
Proxy:			<none>
Request params:	<none>
Query params:	<none>
Form params:	<none>
Path params:	<none>
Headers:		Accept=*/*
				Content-Type=application/json
Cookies:		<none>
Multiparts:		<none>
Body:			<none>
HTTP/1.1 401 Unauthorized
Date: Tue, 24 Mar 2026 21:21:47 GMT
Server: Apache/2.4.29 (Ubuntu)
Content-Length: 0
Keep-Alive: timeout=5, max=100
Connection: Keep-Alive
Content-Type: application/json
]]></system-out>
  </testcase>
  <testcase name="removerComponenteInexistenteRetorna404" classname="modulos.componente.ComponenteTest" time="0.301">
    <system-out><![CDATA[Request method:	DELETE
Request URI:	http://165.227.93.41/lojinha/v2/produtos/1032801/componentes/999999999
Proxy:			<none>
Request params:	<none>
Query params:	<none>
Form params:	<none>
Path params:	<none>
Headers:		token=eyJ0eXAiOiJKV1QiLCJhbGciOiJIUzI1NiJ9.eyJ1c3VhcmlvaWQiOiIxMjY1IiwidXN1YXJpb2xvZ2luIjoiYWRtaW4iLCJ1c3Vhcmlvbm9tZSI6ImFkbWluIn0.1yk-F1vPuzTsXzx1HVOK8SfHRaGfNw9PQUFmA6uUaGY
				Accept=*/*
				Content-Type=application/json
Cookies:		<none>
Multiparts:		<none>
Body:			<none>
HTTP/1.1 404 Not Found
Date: Tue, 24 Mar 2026 21:21:47 GMT
Server: Apache/2.4.29 (Ubuntu)
Content-Length: 0
Keep-Alive: timeout=5, max=100
Connection: Keep-Alive
Content-Type: application/json
]]></system-out>
  </testcase>
  <testcase name="removerComponenteRetorna204ETornaInacessivel" classname="modulos.componente.ComponenteTest" time="1.141">
    <system-out><![CDATA[Request method:	POST
Request URI:	http://165.227.93.41/lojinha/v2/produtos/1032801/componentes
Proxy:			<none>
Request params:	<none>
Query params:	<none>
Form params:	<none>
Path params:	<none>
Headers:		token=eyJ0eXAiOiJKV1QiLCJhbGciOiJIUzI1NiJ9.eyJ1c3VhcmlvaWQiOiIxMjY1IiwidXN1YXJpb2xvZ2luIjoiYWRtaW4iLCJ1c3Vhcmlvbm9tZSI6ImFkbWluIn0.1yk-F1vPuzTsXzx1HVOK8SfHRaGfNw9PQUFmA6uUaGY
				Accept=*/*
				Content-Type=application/json
Cookies:		<none>
Multiparts:		<none>
Body:
{
    "componenteNome": "Componente Teste Automacao",
    "componenteQuantidade": 1
}
HTTP/1.1 201 Created
Date: Tue, 24 Mar 2026 21:21:48 GMT
Server: Apache/2.4.29 (Ubuntu)
Content-Length: 192
Keep-Alive: timeout=5, max=100
Connection: Keep-Alive
Content-Type: application/json

{
    "data": {
        "componenteId": 1056733,
        "componenteNome": "Componente Teste Automacao",
        "componenteQuantidade": 1,
        "produtoId": 1032801
    },
    "message": "Componente de produto adicionado com sucesso",
    "error": ""
}
Request method:	DELETE
Request URI:	http://165.227.93.41/lojinha/v2/produtos/1032801/componentes/1056733
Proxy:			<none>
Request params:	<none>
Query params:	<none>
Form params:	<none>
Path params:	<none>
Headers:		token=eyJ0eXAiOiJKV1QiLCJhbGciOiJIUzI1NiJ9.eyJ1c3VhcmlvaWQiOiIxMjY1IiwidXN1YXJpb2xvZ2luIjoiYWRtaW4iLCJ1c3Vhcmlvbm9tZSI6ImFkbWluIn0.1yk-F1vPuzTsXzx1HVOK8SfHRaGfNw9PQUFmA6uUaGY
				Accept=*/*
				Content-Type=application/json
Cookies:		<none>
Multiparts:		<none>
Body:			<none>
HTTP/1.1 204 No Content
Date: Tue, 24 Mar 2026 21:21:48 GMT
Server: Apache/2.4.29 (Ubuntu)
Keep-Alive: timeout=5, max=100
Connection: Keep-Alive
Request method:	GET
Request URI:	http://165.227.93.41/lojinha/v2/produtos/1032801/componentes/1056733
Proxy:			<none>
Request params:	<none>
Query params:	<none>
Form params:	<none>
Path params:	<none>
Headers:		token=eyJ0eXAiOiJKV1QiLCJhbGciOiJIUzI1NiJ9.eyJ1c3VhcmlvaWQiOiIxMjY1IiwidXN1YXJpb2xvZ2luIjoiYWRtaW4iLCJ1c3Vhcmlvbm9tZSI6ImFkbWluIn0.1yk-F1vPuzTsXzx1HVOK8SfHRaGfNw9PQUFmA6uUaGY
				Accept=*/*
				Content-Type=application/json
Cookies:		<none>
Multiparts:		<none>
Body:			<none>
HTTP/1.1 404 Not Found
Date: Tue, 24 Mar 2026 21:21:49 GMT
Server: Apache/2.4.29 (Ubuntu)
Content-Length: 0
Keep-Alive: timeout=5, max=100
Connection: Keep-Alive
Content-Type: application/json
]]></system-out>
  </testcase>
  <testcase name="removerComponenteSemTokenRetorna401" classname="modulos.componente.ComponenteTest" time="0.993">
    <system-out><![CDATA[Request method:	DELETE
Request URI:	http://165.227.93.41/lojinha/v2/produtos/1032801/componentes/1056731
Proxy:			<none>
Request params:	<none>
Query params:	<none>
Form params:	<none>
Path params:	<none>
Headers:		Accept=*/*
				Content-Type=application/json
Cookies:		<none>
Multiparts:		<none>
Body:			<none>
HTTP/1.1 401 Unauthorized
Date: Tue, 24 Mar 2026 21:21:50 GMT
Server: Apache/2.4.29 (Ubuntu)
Content-Length: 0
Keep-Alive: timeout=5, max=100
Connection: Keep-Alive
Content-Type: application/json
]]></system-out>
  </testcase>
  <testcase name="adicionarComponenteComCampoAusenteRetorna400(String, ComponentePojo, String)[1]" classname="modulos.componente.ComponenteTest" time="0.992">
    <system-out><![CDATA[Request method:	POST
Request URI:	http://165.227.93.41/lojinha/v2/produtos/1032801/componentes
Proxy:			<none>
Request params:	<none>
Query params:	<none>
Form params:	<none>
Path params:	<none>
Headers:		token=eyJ0eXAiOiJKV1QiLCJhbGciOiJIUzI1NiJ9.eyJ1c3VhcmlvaWQiOiIxMjY1IiwidXN1YXJpb2xvZ2luIjoiYWRtaW4iLCJ1c3Vhcmlvbm9tZSI6ImFkbWluIn0.1yk-F1vPuzTsXzx1HVOK8SfHRaGfNw9PQUFmA6uUaGY
				Accept=*/*
				Content-Type=application/json
Cookies:		<none>
Multiparts:		<none>
Body:
{
    "componenteQuantidade": 1
}
HTTP/1.1 400 Bad Request
Date: Tue, 24 Mar 2026 21:21:51 GMT
Server: Apache/2.4.29 (Ubuntu)
Content-Length: 109
Connection: close
Content-Type: application/json

{
    "data": [
        
    ],
    "message": "",
    "error": "componenteNome e componenteQuantidade são atributos obrigatórios"
}
]]></system-out>
  </testcase>
  <testcase name="adicionarComponenteComCampoAusenteRetorna400(String, ComponentePojo, String)[2]" classname="modulos.componente.ComponenteTest" time="0.326">
    <system-out><![CDATA[Request method:	POST
Request URI:	http://165.227.93.41/lojinha/v2/produtos/1032801/componentes
Proxy:			<none>
Request params:	<none>
Query params:	<none>
Form params:	<none>
Path params:	<none>
Headers:		token=eyJ0eXAiOiJKV1QiLCJhbGciOiJIUzI1NiJ9.eyJ1c3VhcmlvaWQiOiIxMjY1IiwidXN1YXJpb2xvZ2luIjoiYWRtaW4iLCJ1c3Vhcmlvbm9tZSI6ImFkbWluIn0.1yk-F1vPuzTsXzx1HVOK8SfHRaGfNw9PQUFmA6uUaGY
				Accept=*/*
				Content-Type=application/json
Cookies:		<none>
Multiparts:		<none>
Body:
{
    "componenteNome": "Componente Teste Automacao"
}
HTTP/1.1 400 Bad Request
Date: Tue, 24 Mar 2026 21:21:51 GMT
Server: Apache/2.4.29 (Ubuntu)
Content-Length: 109
Connection: close
Content-Type: application/json

{
    "data": [
        
    ],
    "message": "",
    "error": "componenteNome e componenteQuantidade são atributos obrigatórios"
}
]]></system-out>
  </testcase>
  <testcase name="atualizarComponenteComCampoAusenteRetorna400(String, ComponentePojo, String)[1]" classname="modulos.componente.ComponenteTest" time="0.33">
    <system-out><![CDATA[Request method:	PUT
Request URI:	http://165.227.93.41/lojinha/v2/produtos/1032801/componentes/1056731
Proxy:			<none>
Request params:	<none>
Query params:	<none>
Form params:	<none>
Path params:	<none>
Headers:		token=eyJ0eXAiOiJKV1QiLCJhbGciOiJIUzI1NiJ9.eyJ1c3VhcmlvaWQiOiIxMjY1IiwidXN1YXJpb2xvZ2luIjoiYWRtaW4iLCJ1c3Vhcmlvbm9tZSI6ImFkbWluIn0.1yk-F1vPuzTsXzx1HVOK8SfHRaGfNw9PQUFmA6uUaGY
				Accept=*/*
				Content-Type=application/json
Cookies:		<none>
Multiparts:		<none>
Body:
{
    "componenteQuantidade": 1
}
HTTP/1.1 400 Bad Request
Date: Tue, 24 Mar 2026 21:21:51 GMT
Server: Apache/2.4.29 (Ubuntu)
Content-Length: 109
Connection: close
Content-Type: application/json

{
    "data": [
        
    ],
    "message": "",
    "error": "componenteNome e componenteQuantidade são atributos obrigatórios"
}
]]></system-out>
  </testcase>
  <testcase name="atualizarComponenteComCampoAusenteRetorna400(String, ComponentePojo, String)[2]" classname="modulos.componente.ComponenteTest" time="0.354">
    <system-out><![CDATA[Request method:	PUT
Request URI:	http://165.227.93.41/lojinha/v2/produtos/1032801/componentes/1056731
Proxy:			<none>
Request params:	<none>
Query params:	<none>
Form params:	<none>
Path params:	<none>
Headers:		token=eyJ0eXAiOiJKV1QiLCJhbGciOiJIUzI1NiJ9.eyJ1c3VhcmlvaWQiOiIxMjY1IiwidXN1YXJpb2xvZ2luIjoiYWRtaW4iLCJ1c3Vhcmlvbm9tZSI6ImFkbWluIn0.1yk-F1vPuzTsXzx1HVOK8SfHRaGfNw9PQUFmA6uUaGY
				Accept=*/*
				Content-Type=application/json
Cookies:		<none>
Multiparts:		<none>
Body:
{
    "componenteNome": "Componente Teste Automacao"
}
HTTP/1.1 400 Bad Request
Date: Tue, 24 Mar 2026 21:21:52 GMT
Server: Apache/2.4.29 (Ubuntu)
Content-Length: 109
Connection: close
Content-Type: application/json

{
    "data": [
        
    ],
    "message": "",
    "error": "componenteNome e componenteQuantidade são atributos obrigatórios"
}
]]></system-out>
  </testcase>
</testsuite>