<?xml version="1.0" encoding="UTF-8"?>
<testsuite xmlns:xsi="http://www.w3.org/2001/XMLSchema-instance" xsi:noNamespaceSchemaLocation="https://maven.apache.org/surefire/maven-surefire-plugin/xsd/surefire-test-report-3.0.xsd" version="3.0" name="modulos.usuario.UsuarioTest" time="3.331" tests="8" errors="0" skipped="0" failures="0">
  <properties>
[...]
</properties>
  <testcase name="criarUsuarioJaExistenteRetorna409" classname="modulos.usuario.UsuarioTest" time="0.369">
    <system-out><![CDATA[Request method:	POST
Request URI:	http://165.227.93.41/lojinha/v2/login
Proxy:			<none>
Request params:	<none>
Query params:	<none>
Form params:	<none>
Path params:	<none>
Headers:		Accept=*/*
				Content-Type=application/json
Cookies:		<none>
Multiparts:		<none>
Body:
{
    "usuarioLogin": "admin",
    "usuarioSenha": "admin",
    "usuarioNome": "Administrador"
}
Request method:	POST
Request URI:	http://165.227.93.41/lojinha/v2/login
Proxy:			<none>
Request params:	<none>
Query params:	<none>
Form params:	<none>
Path params:	<none>
Headers:		Accept=*/*
				Content-Type=application/json
Cookies:		<none>
Multiparts:		<none>
Body:
{
    "usuarioLogin": "admin",
    "usuarioSenha": "admin",
    "usuarioNome": "Administrador"
}
Request method:	POST
Request URI:	http://165.227.93.41/lojinha/v2/login
Proxy:			<none>
Request params:	<none>
Query params:	<none>
Form params:	<none>
Path params:	<none>
Headers:		Accept=*/*
				Content-Type=application/json
Cookies:		<none>
Multiparts:		<none>
Body:
{
    "usuarioLogin": "admin",
    "usuarioSenha": "admin",
    "usuarioNome": "Administrador"
}
HTTP/1.1 200 OK
Date: Tue, 24 Mar 2026 21:22:04 GMT
Server: Apache/2.4.29 (Ubuntu)
Content-Length: 240
Keep-Alive: timeout=5, max=100
Connection: Keep-Alive
Content-Type: application/json

{
    "data": {
        "token": "eyJ0eXAiOiJKV1QiLCJhbGciOiJIUzI1NiJ9.eyJ1c3VhcmlvaWQiOiIxMjY1IiwidXN1YXJpb2xvZ2luIjoiYWRtaW4iLCJ1c3Vhcmlvbm9tZSI6ImFkbWluIn0.1yk-F1vPuzTsXzx1HVOK8SfHRaGfNw9PQUFmA6uUaGY"
    },
    "message": "Sucesso ao realizar o login",
    "error": ""
}
HTTP/1.1 200 OK
Date: Tue, 24 Mar 2026 21:22:04 GMT
Server: Apache/2.4.29 (Ubuntu)
Content-Length: 240
Keep-Alive: timeout=5, max=100
Connection: Keep-Alive
Content-Type: application/json

{
    "data": {
        "token": "eyJ0eXAiOiJKV1QiLCJhbGciOiJIUzI1NiJ9.eyJ1c3VhcmlvaWQiOiIxMjY1IiwidXN1YXJpb2xvZ2luIjoiYWRtaW4iLCJ1c3Vhcmlvbm9tZSI6ImFkbWluIn0.1yk-F1vPuzTsXzx1HVOK8SfHRaGfNw9PQUFmA6uUaGY"
    },
    "message": "Sucesso ao realizar o login",
    "error": ""
}
HTTP/1.1 200 OK
Date: Tue, 24 Mar 2026 21:22:04 GMT
Server: Apache/2.4.29 (Ubuntu)
Content-Length: 240
Keep-Alive: timeout=5, max=100
Connection: Keep-Alive
Content-Type: application/json

{
    "data": {
        "token": "eyJ0eXAiOiJKV1QiLCJhbGciOiJIUzI1NiJ9.eyJ1c3VhcmlvaWQiOiIxMjY1IiwidXN1YXJpb2xvZ2luIjoiYWRtaW4iLCJ1c3Vhcmlvbm9tZSI6ImFkbWluIn0.1yk-F1vPuzTsXzx1HVOK8SfHRaGfNw9PQUFmA6uUaGY"
    },
    "message": "Sucesso ao realizar o login",
    "error": ""
}
Request method:	POST
Request URI:	http://165.227.93.41/lojinha/v2/usuarios
Proxy:			<none>
Request params:	<none>
Query params:	<none>
Form params:	<none>
Path params:	<none>
Headers:		token=eyJ0eXAiOiJKV1QiLCJhbGciOiJIUzI1NiJ9.eyJ1c3VhcmlvaWQiOiIxMjY1IiwidXN1YXJpb2xvZ2luIjoiYWRtaW4iLCJ1c3Vhcmlvbm9tZSI6ImFkbWluIn0.1yk-F1vPuzTsXzx1HVOK8SfHRaGfNw9PQUFmA6uUaGY
				Accept=*/*
				Content-Type=application/json
Cookies:		<none>
Multiparts:		<none>
Body:
{
    "usuarioLogin": "admin",
    "usuarioSenha": "admin",
    "usuarioNome": "Administrador"
}
Request method:	POST
Request URI:	http://165.227.93.41/lojinha/v2/usuarios
Proxy:			<none>
Request params:	<none>
Query params:	<none>
Form params:	<none>
Path params:	<none>
Headers:		token=eyJ0eXAiOiJKV1QiLCJhbGciOiJIUzI1NiJ9.eyJ1c3VhcmlvaWQiOiIxMjY1IiwidXN1YXJpb2xvZ2luIjoiYWRtaW4iLCJ1c3Vhcmlvbm9tZSI6ImFkbWluIn0.1yk-F1vPuzTsXzx1HVOK8SfHRaGfNw9PQUFmA6uUaGY
				Accept=*/*
				Content-Type=application/json
Cookies:		<none>
Multiparts:		<none>
Body:
{
    "usuarioLogin": "admin",
    "usuarioSenha": "admin",
    "usuarioNome": "Administrador"
}
Request method:	POST
Request URI:	http://165.227.93.41/lojinha/v2/usuarios
Proxy:			<none>
Request params:	<none>
Query params:	<none>
Form params:	<none>
Path params:	<none>
Headers:		token=eyJ0eXAiOiJKV1QiLCJhbGciOiJIUzI1NiJ9.eyJ1c3VhcmlvaWQiOiIxMjY1IiwidXN1YXJpb2xvZ2luIjoiYWRtaW4iLCJ1c3Vhcmlvbm9tZSI6ImFkbWluIn0.1yk-F1vPuzTsXzx1HVOK8SfHRaGfNw9PQUFmA6uUaGY
				Accept=*/*
				Content-Type=application/json
Cookies:		<none>
Multiparts:		<none>
Body:
{
    "usuarioLogin": "admin",
    "usuarioSenha": "admin",
    "usuarioNome": "Administrador"
}
HTTP/1.1 409 Conflict
Date: Tue, 24 Mar 2026 21:22:04 GMT
Server: Apache/2.4.29 (Ubuntu)
Content-Length: 71
Keep-Alive: timeout=5, max=100
Connection: Keep-Alive
Content-Type: application/json

{
    "data": [
        
    ],
    "message": "",
    "error": "O usuário admin já existe."
}
HTTP/1.1 409 Conflict
Date: Tue, 24 Mar 2026 21:22:04 GMT
Server: Apache/2.4.29 (Ubuntu)
Content-Length: 71
Keep-Alive: timeout=5, max=100
Connection: Keep-Alive
Content-Type: application/json

{
    "data": [
        
    ],
    "message": "",
    "error": "O usuário admin já existe."
}
HTTP/1.1 409 Conflict
Date: Tue, 24 Mar 2026 21:22:04 GMT
Server: Apache/2.4.29 (Ubuntu)
Content-Length: 71
Keep-Alive: timeout=5, max=100
Connection: Keep-Alive
Content-Type: application/json

{
    "data": [
        
    ],
    "message": "",
    "error": "O usuário admin já existe."
}
]]></system-out>
    <system-err><![CDATA[[main] ERROR io.qameta.allure.AllureLifecycle - Could not add attachment: no test is running
[main] ERROR io.qameta.allure.AllureLifecycle - Could not add attachment: no test is running
[main] ERROR io.qameta.allure.AllureLifecycle - Could not add attachment: no test is running
[main] ERROR io.qameta.allure.AllureLifecycle - Could not add attachment: no test is running
[main] ERROR io.qameta.allure.AllureLifecycle - Could not add attachment: no test is running
[main] ERROR io.qameta.allure.AllureLifecycle - Could not add attachment: no test is running
]]></system-err>
  </testcase>
  <testcase name="loginComCredenciaisValidasRetornaToken" classname="modulos.usuario.UsuarioTest" time="0.408">
    <system-out><![CDATA[Request method:	POST
Request URI:	http://165.227.93.41/lojinha/v2/login
Proxy:			<none>
Request params:	<none>
Query params:	<none>
Form params:	<none>
Path params:	<none>
Headers:		Accept=*/*
				Content-Type=application/json
Cookies:		<none>
Multiparts:		<none>
Body:
{
    "usuarioLogin": "admin",
    "usuarioSenha": "admin",
    "usuarioNome": "Administrador"
}
Request method:	POST
Request URI:	http://165.227.93.41/lojinha/v2/login
Proxy:			<none>
Request params:	<none>
Query params:	<none>
Form params:	<none>
Path params:	<none>
Headers:		Accept=*/*
				Content-Type=application/json
Cookies:		<none>
Multiparts:		<none>
Body:
{
    "usuarioLogin": "admin",
    "usuarioSenha": "admin",
    "usuarioNome": "Administrador"
}
Request method:	POST
Request URI:	http://165.227.93.41/lojinha/v2/login
Proxy:			<none>
Request params:	<none>
Query params:	<none>
Form params:	<none>
Path params:	<none>
Headers:		Accept=*/*
				Content-Type=application/json
Cookies:		<none>
Multiparts:		<none>
Body:
{
    "usuarioLogin": "admin",
    "usuarioSenha": "admin",
    "usuarioNome": "Administrador"
}
HTTP/1.1 200 OK
Date: Tue, 24 Mar 2026 21:22:05 GMT
Server: Apache/2.4.29 (Ubuntu)
Content-Length: 240
Keep-Alive: timeout=5, max=100
Connection: Keep-Alive
Content-Type: application/json

{
    "data": {
        "token": "eyJ0eXAiOiJKV1QiLCJhbGciOiJIUzI1NiJ9.eyJ1c3VhcmlvaWQiOiIxMjY1IiwidXN1YXJpb2xvZ2luIjoiYWRtaW4iLCJ1c3Vhcmlvbm9tZSI6ImFkbWluIn0.1yk-F1vPuzTsXzx1HVOK8SfHRaGfNw9PQUFmA6uUaGY"
    },
    "message": "Sucesso ao realizar o login",
    "error": ""
}
HTTP/1.1 200 OK
Date: Tue, 24 Mar 2026 21:22:05 GMT
Server: Apache/2.4.29 (Ubuntu)
Content-Length: 240
Keep-Alive: timeout=5, max=100
Connection: Keep-Alive
Content-Type: application/json

{
    "data": {
        "token": "eyJ0eXAiOiJKV1QiLCJhbGciOiJIUzI1NiJ9.eyJ1c3VhcmlvaWQiOiIxMjY1IiwidXN1YXJpb2xvZ2luIjoiYWRtaW4iLCJ1c3Vhcmlvbm9tZSI6ImFkbWluIn0.1yk-F1vPuzTsXzx1HVOK8SfHRaGfNw9PQUFmA6uUaGY"
    },
    "message": "Sucesso ao realizar o login",
    "error": ""
}
HTTP/1.1 200 OK
Date: Tue, 24 Mar 2026 21:22:05 GMT
Server: Apache/2.4.29 (Ubuntu)
Content-Length: 240
Keep-Alive: timeout=5, max=100
Connection: Keep-Alive
Content-Type: application/json

{
    "data": {
        "token": "eyJ0eXAiOiJKV1QiLCJhbGciOiJIUzI1NiJ9.eyJ1c3VhcmlvaWQiOiIxMjY1IiwidXN1YXJpb2xvZ2luIjoiYWRtaW4iLCJ1c3Vhcmlvbm9tZSI6ImFkbWluIn0.1yk-F1vPuzTsXzx1HVOK8SfHRaGfNw9PQUFmA6uUaGY"
    },
    "message": "Sucesso ao realizar o login",
    "error": ""
}
]]></system-out>
  </testcase>
  <testcase name="loginComSenhaIncorretaRetorna401" classname="modulos.usuario.UsuarioTest" time="0.353">
    <system-out><![CDATA[Request method:	POST
Request URI:	http://165.227.93.41/lojinha/v2/login
Proxy:			<none>
Request params:	<none>
Query params:	<none>
Form params:	<none>
Path params:	<none>
Headers:		Accept=*/*
				Content-Type=application/json
Cookies:		<none>
Multiparts:		<none>
Body:
{
    "usuarioLogin": "admin",
    "usuarioSenha": "senha_errada_intencional"
}
Request method:	POST
Request URI:	http://165.227.93.41/lojinha/v2/login
Proxy:			<none>
Request params:	<none>
Query params:	<none>
Form params:	<none>
Path params:	<none>
Headers:		Accept=*/*
				Content-Type=application/json
Cookies:		<none>
Multiparts:		<none>
Body:
{
    "usuarioLogin": "admin",
    "usuarioSenha": "senha_errada_intencional"
}
Request method:	POST
Request URI:	http://165.227.93.41/lojinha/v2/login
Proxy:			<none>
Request params:	<none>
Query params:	<none>
Form params:	<none>
Path params:	<none>
Headers:		Accept=*/*
				Content-Type=application/json
Cookies:		<none>
Multiparts:		<none>
Body:
{
    "usuarioLogin": "admin",
    "usuarioSenha": "senha_errada_intencional"
}
HTTP/1.1 401 Unauthorized
Date: Tue, 24 Mar 2026 21:22:05 GMT
Server: Apache/2.4.29 (Ubuntu)
Content-Length: 0
Keep-Alive: timeout=5, max=100
Connection: Keep-Alive
Content-Type: application/json
HTTP/1.1 401 Unauthorized
Date: Tue, 24 Mar 2026 21:22:05 GMT
Server: Apache/2.4.29 (Ubuntu)
Content-Length: 0
Keep-Alive: timeout=5, max=100
Connection: Keep-Alive
Content-Type: application/json
HTTP/1.1 401 Unauthorized
Date: Tue, 24 Mar 2026 21:22:05 GMT
Server: Apache/2.4.29 (Ubuntu)
Content-Length: 0
Keep-Alive: timeout=5, max=100
Connection: Keep-Alive
Content-Type: application/json
]]></system-out>
  </testcase>
  <testcase name="loginComUsuarioInexistenteRetorna401" classname="modulos.usuario.UsuarioTest" time="0.364">
    <system-out><![CDATA[Request method:	POST
Request URI:	http://165.227.93.41/lojinha/v2/login
Proxy:			<none>
Request params:	<none>
Query params:	<none>
Form params:	<none>
Path params:	<none>
Headers:		Accept=*/*
				Content-Type=application/json
Cookies:		<none>
Multiparts:		<none>
Body:
{
    "usuarioLogin": "usuario_inexistente",
    "usuarioSenha": "senha123"
}
Request method:	POST
Request URI:	http://165.227.93.41/lojinha/v2/login
Proxy:			<none>
Request params:	<none>
Query params:	<none>
Form params:	<none>
Path params:	<none>
Headers:		Accept=*/*
				Content-Type=application/json
Cookies:		<none>
Multiparts:		<none>
Body:
{
    "usuarioLogin": "usuario_inexistente",
    "usuarioSenha": "senha123"
}
Request method:	POST
Request URI:	http://165.227.93.41/lojinha/v2/login
Proxy:			<none>
Request params:	<none>
Query params:	<none>
Form params:	<none>
Path params:	<none>
Headers:		Accept=*/*
				Content-Type=application/json
Cookies:		<none>
Multiparts:		<none>
Body:
{
    "usuarioLogin": "usuario_inexistente",
    "usuarioSenha": "senha123"
}
HTTP/1.1 401 Unauthorized
Date: Tue, 24 Mar 2026 21:22:05 GMT
Server: Apache/2.4.29 (Ubuntu)
Content-Length: 0
Keep-Alive: timeout=5, max=100
Connection: Keep-Alive
Content-Type: application/json
HTTP/1.1 401 Unauthorized
Date: Tue, 24 Mar 2026 21:22:05 GMT
Server: Apache/2.4.29 (Ubuntu)
Content-Length: 0
Keep-Alive: timeout=5, max=100
Connection: Keep-Alive
Content-Type: application/json
HTTP/1.1 401 Unauthorized
Date: Tue, 24 Mar 2026 21:22:05 GMT
Server: Apache/2.4.29 (Ubuntu)
Content-Length: 0
Keep-Alive: timeout=5, max=100
Connection: Keep-Alive
Content-Type: application/json
]]></system-out>
  </testcase>
  <testcase name="removerDadosSemTokenRetorna401" classname="modulos.usuario.UsuarioTest" time="0.345">
    <system-out><![CDATA[Request method:	DELETE
Request URI:	http://165.227.93.41/lojinha/v2/dados
Proxy:			<none>
Request params:	<none>
Query params:	<none>
Form params:	<none>
Path params:	<none>
Headers:		Accept=*/*
				Content-Type=application/json
Cookies:		<none>
Multiparts:		<none>
Body:			<none>
Request method:	DELETE
Request URI:	http://165.227.93.41/lojinha/v2/dados
Proxy:			<none>
Request params:	<none>
Query params:	<none>
Form params:	<none>
Path params:	<none>
Headers:		Accept=*/*
				Content-Type=application/json
Cookies:		<none>
Multiparts:		<none>
Body:			<none>
Request method:	DELETE
Request URI:	http://165.227.93.41/lojinha/v2/dados
Proxy:			<none>
Request params:	<none>
Query params:	<none>
Form params:	<none>
Path params:	<none>
Headers:		Accept=*/*
				Content-Type=application/json
Cookies:		<none>
Multiparts:		<none>
Body:			<none>
HTTP/1.1 401 Unauthorized
Date: Tue, 24 Mar 2026 21:22:06 GMT
Server: Apache/2.4.29 (Ubuntu)
Content-Length: 0
Keep-Alive: timeout=5, max=100
Connection: Keep-Alive
Content-Type: application/json
HTTP/1.1 401 Unauthorized
Date: Tue, 24 Mar 2026 21:22:06 GMT
Server: Apache/2.4.29 (Ubuntu)
Content-Length: 0
Keep-Alive: timeout=5, max=100
Connection: Keep-Alive
Content-Type: application/json
HTTP/1.1 401 Unauthorized
Date: Tue, 24 Mar 2026 21:22:06 GMT
Server: Apache/2.4.29 (Ubuntu)
Content-Length: 0
Keep-Alive: timeout=5, max=100
Connection: Keep-Alive
Content-Type: application/json
]]></system-out>
  </testcase>
  <testcase name="criarUsuarioComCampoAusenteRetorna400(String, UsuarioPojo, String)[1]" classname="modulos.usuario.UsuarioTest" time="0.338">
    <system-out><![CDATA[Request method:	POST
Request URI:	http://165.227.93.41/lojinha/v2/usuarios
Proxy:			<none>
Request params:	<none>
Query params:	<none>
Form params:	<none>
Path params:	<none>
Headers:		Accept=*/*
				Content-Type=application/json
Cookies:		<none>
Multiparts:		<none>
Body:
{
    "usuarioLogin": "usuario_teste",
    "usuarioSenha": "senha_teste"
}
Request method:	POST
Request URI:	http://165.227.93.41/lojinha/v2/usuarios
Proxy:			<none>
Request params:	<none>
Query params:	<none>
Form params:	<none>
Path params:	<none>
Headers:		Accept=*/*
				Content-Type=application/json
Cookies:		<none>
Multiparts:		<none>
Body:
{
    "usuarioLogin": "usuario_teste",
    "usuarioSenha": "senha_teste"
}
Request method:	POST
Request URI:	http://165.227.93.41/lojinha/v2/usuarios
Proxy:			<none>
Request params:	<none>
Query params:	<none>
Form params:	<none>
Path params:	<none>
Headers:		Accept=*/*
				Content-Type=application/json
Cookies:		<none>
Multiparts:		<none>
Body:
{
    "usuarioLogin": "usuario_teste",
    "usuarioSenha": "senha_teste"
}
HTTP/1.1 400 Bad Request
Date: Tue, 24 Mar 2026 21:22:06 GMT
Server: Apache/2.4.29 (Ubuntu)
Content-Length: 112
Connection: close
Content-Type: application/json

{
    "data": [
        
    ],
    "message": "",
    "error": "usuarioNome, usuarioLogin e usuarioSenha são atributos obrigatórios"
}
HTTP/1.1 400 Bad Request
Date: Tue, 24 Mar 2026 21:22:06 GMT
Server: Apache/2.4.29 (Ubuntu)
Content-Length: 112
Connection: close
Content-Type: application/json

{
    "data": [
        
    ],
    "message": "",
    "error": "usuarioNome, usuarioLogin e usuarioSenha são atributos obrigatórios"
}
HTTP/1.1 400 Bad Request
Date: Tue, 24 Mar 2026 21:22:06 GMT
Server: Apache/2.4.29 (Ubuntu)
Content-Length: 112
Connection: close
Content-Type: application/json

{
    "data": [
        
    ],
    "message": "",
    "error": "usuarioNome, usuarioLogin e usuarioSenha são atributos obrigatórios"
}
]]></system-out>
  </testcase>
  <testcase name="criarUsuarioComCampoAusenteRetorna400(String, UsuarioPojo, String)[2]" classname="modulos.usuario.UsuarioTest" time="0.377">
    <system-out><![CDATA[Request method:	POST
Request URI:	http://165.227.93.41/lojinha/v2/usuarios
Proxy:			<none>
Request params:	<none>
Query params:	<none>
Form params:	<none>
Path params:	<none>
Headers:		Accept=*/*
				Content-Type=application/json
Cookies:		<none>
Multiparts:		<none>
Body:
{
    "usuarioLogin": "usuario_teste",
    "usuarioNome": "Nome Teste"
}
Request method:	POST
Request URI:	http://165.227.93.41/lojinha/v2/usuarios
Proxy:			<none>
Request params:	<none>
Query params:	<none>
Form params:	<none>
Path params:	<none>
Headers:		Accept=*/*
				Content-Type=application/json
Cookies:		<none>
Multiparts:		<none>
Body:
{
    "usuarioLogin": "usuario_teste",
    "usuarioNome": "Nome Teste"
}
Request method:	POST
Request URI:	http://165.227.93.41/lojinha/v2/usuarios
Proxy:			<none>
Request params:	<none>
Query params:	<none>
Form params:	<none>
Path params:	<none>
Headers:		Accept=*/*
				Content-Type=application/json
Cookies:		<none>
Multiparts:		<none>
Body:
{
    "usuarioLogin": "usuario_teste",
    "usuarioNome": "Nome Teste"
}
HTTP/1.1 400 Bad Request
Date: Tue, 24 Mar 2026 21:22:06 GMT
Server: Apache/2.4.29 (Ubuntu)
Content-Length: 112
Connection: close
Content-Type: application/json

{
    "data": [
        
    ],
    "message": "",
    "error": "usuarioNome, usuarioLogin e usuarioSenha são atributos obrigatórios"
}
HTTP/1.1 400 Bad Request
Date: Tue, 24 Mar 2026 21:22:06 GMT
Server: Apache/2.4.29 (Ubuntu)
Content-Length: 112
Connection: close
Content-Type: application/json

{
    "data": [
        
    ],
    "message": "",
    "error": "usuarioNome, usuarioLogin e usuarioSenha são atributos obrigatórios"
}
HTTP/1.1 400 Bad Request
Date: Tue, 24 Mar 2026 21:22:06 GMT
Server: Apache/2.4.29 (Ubuntu)
Content-Length: 112
Connection: close
Content-Type: application/json

{
    "data": [
        
    ],
    "message": "",
    "error": "usuarioNome, usuarioLogin e usuarioSenha são atributos obrigatórios"
}
]]></system-out>
  </testcase>
  <testcase name="criarUsuarioComCampoAusenteRetorna400(String, UsuarioPojo, String)[3]" classname="modulos.usuario.UsuarioTest" time="0.365">
    <system-out><![CDATA[Request method:	POST
Request URI:	http://165.227.93.41/lojinha/v2/usuarios
Proxy:			<none>
Request params:	<none>
Query params:	<none>
Form params:	<none>
Path params:	<none>
Headers:		Accept=*/*
				Content-Type=application/json
Cookies:		<none>
Multiparts:		<none>
Body:
{
    "usuarioSenha": "senha_teste",
    "usuarioNome": "Nome Teste"
}
Request method:	POST
Request URI:	http://165.227.93.41/lojinha/v2/usuarios
Proxy:			<none>
Request params:	<none>
Query params:	<none>
Form params:	<none>
Path params:	<none>
Headers:		Accept=*/*
				Content-Type=application/json
Cookies:		<none>
Multiparts:		<none>
Body:
{
    "usuarioSenha": "senha_teste",
    "usuarioNome": "Nome Teste"
}
Request method:	POST
Request URI:	http://165.227.93.41/lojinha/v2/usuarios
Proxy:			<none>
Request params:	<none>
Query params:	<none>
Form params:	<none>
Path params:	<none>
Headers:		Accept=*/*
				Content-Type=application/json
Cookies:		<none>
Multiparts:		<none>
Body:
{
    "usuarioSenha": "senha_teste",
    "usuarioNome": "Nome Teste"
}
HTTP/1.1 400 Bad Request
Date: Tue, 24 Mar 2026 21:22:07 GMT
Server: Apache/2.4.29 (Ubuntu)
Content-Length: 112
Connection: close
Content-Type: application/json

{
    "data": [
        
    ],
    "message": "",
    "error": "usuarioNome, usuarioLogin e usuarioSenha são atributos obrigatórios"
}
HTTP/1.1 400 Bad Request
Date: Tue, 24 Mar 2026 21:22:07 GMT
Server: Apache/2.4.29 (Ubuntu)
Content-Length: 112
Connection: close
Content-Type: application/json

{
    "data": [
        
    ],
    "message": "",
    "error": "usuarioNome, usuarioLogin e usuarioSenha são atributos obrigatórios"
}
HTTP/1.1 400 Bad Request
Date: Tue, 24 Mar 2026 21:22:07 GMT
Server: Apache/2.4.29 (Ubuntu)
Content-Length: 112
Connection: close
Content-Type: application/json

{
    "data": [
        
    ],
    "message": "",
    "error": "usuarioNome, usuarioLogin e usuarioSenha são atributos obrigatórios"
}
]]></system-out>
  </testcase>
</testsuite>